Log file open, 11/23/21 00:36:51
LogInit: Display: Running engine for game: FPS_Action
LogPlatformFile: Not using cached read wrapper
LogTaskGraph: Started task graph with 5 named threads and 23 total threads with 3 sets of task threads.
LogStats: Stats thread started at 0.311994
LogD3D11RHI: Loaded GFSDK_Aftermath_Lib.x64.dll
LogICUInternationalization: ICU TimeZone Detection - Raw Offset: +9:00, Platform Override: ''
LogPluginManager: Mounting plugin Paper2D
LogPluginManager: Mounting plugin AISupport
LogPluginManager: Mounting plugin LightPropagationVolume
LogPluginManager: Mounting plugin CameraShakePreviewer
LogPluginManager: Mounting plugin ActorLayerUtilities
LogPluginManager: Mounting plugin AnimationSharing
LogPluginManager: Mounting plugin CLionSourceCodeAccess
LogPluginManager: Mounting plugin CodeLiteSourceCodeAccess
LogPluginManager: Mounting plugin GitSourceControl
LogPluginManager: Mounting plugin KDevelopSourceCodeAccess
LogPluginManager: Mounting plugin NullSourceCodeAccess
LogPluginManager: Mounting plugin PerforceSourceControl
LogPluginManager: Mounting plugin PlasticSourceControl
LogPluginManager: Mounting plugin RiderSourceCodeAccess
LogPluginManager: Mounting plugin SubversionSourceControl
LogPluginManager: Mounting plugin UObjectPlugin
LogPluginManager: Mounting plugin VisualStudioCodeSourceCodeAccess
LogPluginManager: Mounting plugin VisualStudioSourceCodeAccess
LogPluginManager: Mounting plugin XCodeSourceCodeAccess
LogPluginManager: Mounting plugin AssetManagerEditor
LogPluginManager: Mounting plugin CryptoKeys
LogPluginManager: Mounting plugin CurveEditorTools
LogPluginManager: Mounting plugin DataValidation
LogPluginManager: Mounting plugin EditorScriptingUtilities
LogPluginManager: Mounting plugin FacialAnimation
LogPluginManager: Mounting plugin GameplayTagsEditor
LogPluginManager: Mounting plugin GeometryMode
LogPluginManager: Mounting plugin MacGraphicsSwitching
LogPluginManager: Mounting plugin MaterialAnalyzer
LogPluginManager: Mounting plugin MobileLauncherProfileWizard
LogPluginManager: Mounting plugin PluginBrowser
LogPluginManager: Mounting plugin SpeedTreeImporter
LogPluginManager: Mounting plugin DatasmithContent
LogPluginManager: Mounting plugin VariantManagerContent
LogPluginManager: Mounting plugin AlembicImporter
LogPluginManager: Mounting plugin AutomationUtils
LogPluginManager: Mounting plugin BackChannel
LogPluginManager: Mounting plugin ChaosCloth
LogPluginManager: Mounting plugin ChaosClothEditor
LogPluginManager: Mounting plugin ChaosEditor
LogPluginManager: Mounting plugin ChaosNiagara
LogPluginManager: Mounting plugin ChaosSolverPlugin
LogPluginManager: Mounting plugin CharacterAI
LogPluginManager: Mounting plugin GeometryCache
LogPluginManager: Mounting plugin GeometryCollectionPlugin
LogPluginManager: Mounting plugin GeometryProcessing
LogPluginManager: Mounting plugin PlanarCut
LogPluginManager: Mounting plugin PlatformCrypto
LogPluginManager: Mounting plugin ProxyLODPlugin
LogPluginManager: Mounting plugin SkeletalReduction
LogPluginManager: Mounting plugin Niagara
LogPluginManager: Mounting plugin MagicLeap
LogPluginManager: Mounting plugin MagicLeapLightEstimation
LogPluginManager: Mounting plugin MagicLeapMedia
LogPluginManager: Mounting plugin MagicLeapPassableWorld
LogPluginManager: Mounting plugin MLSDK
LogPluginManager: Mounting plugin AndroidMedia
LogPluginManager: Mounting plugin AvfMedia
LogPluginManager: Mounting plugin ImgMedia
LogPluginManager: Mounting plugin MediaCompositing
LogPluginManager: Mounting plugin MediaPlayerEditor
LogPluginManager: Mounting plugin WebMMedia
LogPluginManager: Mounting plugin WmfMedia
LogPluginManager: Mounting plugin MeshPainting
LogPluginManager: Mounting plugin TcpMessaging
LogPluginManager: Mounting plugin UdpMessaging
LogPluginManager: Mounting plugin ActorSequence
LogPluginManager: Mounting plugin LevelSequenceEditor
LogPluginManager: Mounting plugin MatineeToLevelSequence
LogPluginManager: Mounting plugin MovieRenderPipeline
LogPluginManager: Mounting plugin TemplateSequence
LogPluginManager: Mounting plugin NetcodeUnitTest
LogPluginManager: Mounting plugin NUTUnrealEngine4
LogPluginManager: Mounting plugin OnlineSubsystemGooglePlay
LogPluginManager: Mounting plugin OnlineSubsystemIOS
LogPluginManager: Mounting plugin OnlineSubsystem
LogPluginManager: Mounting plugin OnlineSubsystemNull
LogPluginManager: Mounting plugin OnlineSubsystemUtils
LogPluginManager: Mounting plugin LauncherChunkInstaller
LogPluginManager: Mounting plugin AndroidDeviceProfileSelector
LogPluginManager: Mounting plugin AndroidMoviePlayer
LogPluginManager: Mounting plugin AndroidPermission
LogPluginManager: Mounting plugin AppleImageUtils
LogPluginManager: Mounting plugin AppleMoviePlayer
LogPluginManager: Mounting plugin ArchVisCharacter
LogPluginManager: Mounting plugin AssetTags
LogPluginManager: Mounting plugin AudioCapture
LogPluginManager: Mounting plugin CableComponent
LogPluginManager: Mounting plugin CustomMeshComponent
LogPluginManager: Mounting plugin EditableMesh
LogPluginManager: Mounting plugin ExampleDeviceProfileSelector
LogPluginManager: Mounting plugin GoogleCloudMessaging
LogPluginManager: Mounting plugin GooglePAD
LogPluginManager: Mounting plugin IOSDeviceProfileSelector
LogPluginManager: Mounting plugin LinuxDeviceProfileSelector
LogPluginManager: Mounting plugin LocationServicesBPLibrary
LogPluginManager: Mounting plugin MobilePatchingUtils
LogPluginManager: Mounting plugin OculusVR
LogPluginManager: Mounting plugin PhysXVehicles
LogPluginManager: Mounting plugin PostSplashScreen
LogPluginManager: Mounting plugin ProceduralMeshComponent
LogPluginManager: Mounting plugin RuntimePhysXCooking
LogPluginManager: Mounting plugin SignificanceManager
LogPluginManager: Mounting plugin SoundFields
LogPluginManager: Mounting plugin SteamVR
LogPluginManager: Mounting plugin Synthesis
LogPluginManager: Mounting plugin WebMMoviePlayer
LogPluginManager: Mounting plugin WindowsMoviePlayer
LogPluginManager: Mounting plugin ScreenshotTools
LogInit: Using libcurl 7.55.1-DEV
LogInit:  - built for x86_64-pc-win32
LogInit:  - supports SSL with OpenSSL/1.1.1
LogInit:  - supports HTTP deflate (compression) using libz 1.2.8
LogInit:  - other features:
LogInit:      CURL_VERSION_SSL
LogInit:      CURL_VERSION_LIBZ
LogInit:      CURL_VERSION_IPV6
LogInit:      CURL_VERSION_ASYNCHDNS
LogInit:      CURL_VERSION_LARGEFILE
LogInit:      CURL_VERSION_IDN
LogInit:  CurlRequestOptions (configurable via config and command line):
LogInit:  - bVerifyPeer = true  - Libcurl will verify peer certificate
LogInit:  - bUseHttpProxy = false  - Libcurl will NOT use HTTP proxy
LogInit:  - bDontReuseConnections = false  - Libcurl will reuse connections
LogInit:  - MaxHostConnections = 16  - Libcurl will limit the number of connections to a host
LogInit:  - LocalHostAddr = Default
LogInit:  - BufferSize = 65536
LogOnline: OSS: Creating online subsystem instance for: NULL
LogInit: WinSock: version 1.1 (2.2), MaxSocks=32767, MaxUdp=65467
LogOnline: OSS: TryLoadSubsystemAndSetDefault: Loaded subsystem for module [NULL]
LogInit: Build: ++UE4+Release-4.25-CL-14469661
LogInit: Engine Version: 4.25.4-14469661+++UE4+Release-4.25
LogInit: Compatible Engine Version: 4.25.0-13144385+++UE4+Release-4.25
LogInit: Net CL: 13144385
LogInit: OS: Windows 10 (Release 2009) (), CPU: Intel(R) Core(TM) i7-8565U CPU @ 1.80GHz, GPU: Intel(R) UHD Graphics 620
LogInit: Compiled (64-bit): Oct 11 2020 08:10:49
LogInit: Compiled with Visual C++: 19.24.28315.00
LogInit: Build Configuration: Development
LogInit: Branch Name: ++UE4+Release-4.25
LogInit: Command Line:  -skipcompile
LogInit: Base Directory: C:/Unreal/UE_4.25/Engine/Binaries/Win64/
LogInit: Allocator: TBB
LogInit: Installed Engine Build: 1
LogDevObjectVersion: Number of dev versions registered: 26
LogDevObjectVersion:   Dev-Blueprints (B0D832E4-1F89-4F0D-ACCF-7EB736FD4AA2): 10
LogDevObjectVersion:   Dev-Build (E1C64328-A22C-4D53-A36C-8E866417BD8C): 0
LogDevObjectVersion:   Dev-Core (375EC13C-06E4-48FB-B500-84F0262A717E): 4
LogDevObjectVersion:   Dev-Editor (E4B068ED-F494-42E9-A231-DA0B2E46BB41): 38
LogDevObjectVersion:   Dev-Framework (CFFC743F-43B0-4480-9391-14DF171D2073): 37
LogDevObjectVersion:   Dev-Mobile (B02B49B5-BB20-44E9-A304-32B752E40360): 2
LogDevObjectVersion:   Dev-Networking (A4E4105C-59A1-49B5-A7C5-40C4547EDFEE): 0
LogDevObjectVersion:   Dev-Online (39C831C9-5AE6-47DC-9A44-9C173E1C8E7C): 0
LogDevObjectVersion:   Dev-Physics (78F01B33-EBEA-4F98-B9B4-84EACCB95AA2): 4
LogDevObjectVersion:   Dev-Platform (6631380F-2D4D-43E0-8009-CF276956A95A): 0
LogDevObjectVersion:   Dev-Rendering (12F88B9F-8875-4AFC-A67C-D90C383ABD29): 43
LogDevObjectVersion:   Dev-Sequencer (7B5AE74C-D270-4C10-A958-57980B212A5A): 12
LogDevObjectVersion:   Dev-VR (D7296918-1DD6-4BDD-9DE2-64A83CC13884): 3
LogDevObjectVersion:   Dev-LoadTimes (C2A15278-BFE7-4AFE-6C17-90FF531DF755): 1
LogDevObjectVersion:   Private-Geometry (6EACA3D4-40EC-4CC1-B786-8BED09428FC5): 3
LogDevObjectVersion:   Dev-AnimPhys (29E575DD-E0A3-4627-9D10-D276232CDCEA): 17
LogDevObjectVersion:   Dev-Anim (AF43A65D-7FD3-4947-9873-3E8ED9C1BB05): 7
LogDevObjectVersion:   Dev-ReflectionCapture (6B266CEC-1EC7-4B8F-A30B-E4D90942FC07): 1
LogDevObjectVersion:   Dev-Automation (0DF73D61-A23F-47EA-B727-89E90C41499A): 1
LogDevObjectVersion:   FortniteMain (601D1886-AC64-4F84-AA16-D3DE0DEAC7D6): 31
LogDevObjectVersion:   Dev-Enterprise (9DFFBCD6-494F-0158-E221-12823C92A888): 10
LogDevObjectVersion:   Dev-Niagara (F2AED0AC-9AFE-416F-8664-AA7FFA26D6FC): 1
LogDevObjectVersion:   Dev-Destruction (174F1F0B-B4C6-45A5-B13F-2EE8D0FB917D): 10
LogDevObjectVersion:   Dev-Physics-Ext (35F94A83-E258-406C-A318-09F59610247C): 37
LogDevObjectVersion:   Dev-PhysicsMaterial-Chaos (B68FC16E-8B1B-42E2-B453-215C058844FE): 1
LogDevObjectVersion:   Dev-CineCamera (B2E18506-4273-CFC2-A54E-F4BB758BBA07): 1
LogInit: Presizing for max 25165824 objects, including 0 objects not considered by GC, pre-allocating 0 bytes for permanent pool.
LogConfig: Applying CVar settings from Section [/Script/Engine.StreamingSettings] File [C:/Users/kim75/Desktop/Unreal_Portfolio/FPS_Action/Saved/Config/Windows/Engine.ini]
LogConfig: Setting CVar [[s.MinBulkDataSizeForAsyncLoading:131072]]
LogConfig: Setting CVar [[s.AsyncLoadingThreadEnabled:0]]
LogConfig: Setting CVar [[s.EventDrivenLoaderEnabled:1]]
LogConfig: Setting CVar [[s.WarnIfTimeLimitExceeded:0]]
LogConfig: Setting CVar [[s.TimeLimitExceededMultiplier:1.5]]
LogConfig: Setting CVar [[s.TimeLimitExceededMinTime:0.005]]
LogConfig: Setting CVar [[s.UseBackgroundLevelStreaming:1]]
LogConfig: Setting CVar [[s.PriorityAsyncLoadingExtraTime:15.0]]
LogConfig: Setting CVar [[s.LevelStreamingActorsUpdateTimeLimit:5.0]]
LogConfig: Setting CVar [[s.PriorityLevelStreamingActorsUpdateExtraTime:5.0]]
LogConfig: Setting CVar [[s.LevelStreamingComponentsRegistrationGranularity:10]]
LogConfig: Setting CVar [[s.UnregisterComponentsTimeLimit:1.0]]
LogConfig: Setting CVar [[s.LevelStreamingComponentsUnregistrationGranularity:5]]
LogConfig: Setting CVar [[s.FlushStreamingOnExit:1]]
LogInit: Object subsystem initialized
LogConfig: Setting CVar [[con.DebugEarlyDefault:1]]
LogConfig: Setting CVar [[r.setres:1280x720]]
[2021.11.22-15.36.52:192][  0]LogConfig: Setting CVar [[r.VSync:0]]
[2021.11.22-15.36.52:192][  0]LogConfig: Setting CVar [[r.RHICmdBypass:0]]
[2021.11.22-15.36.52:192][  0]LogConfig: Applying CVar settings from Section [/Script/Engine.RendererSettings] File [C:/Users/kim75/Desktop/Unreal_Portfolio/FPS_Action/Saved/Config/Windows/Engine.ini]
[2021.11.22-15.36.52:192][  0]LogConfig: Setting CVar [[r.GPUCrashDebugging:0]]
[2021.11.22-15.36.52:192][  0]LogConfig: Applying CVar settings from Section [/Script/Engine.RendererOverrideSettings] File [C:/Users/kim75/Desktop/Unreal_Portfolio/FPS_Action/Saved/Config/Windows/Engine.ini]
[2021.11.22-15.36.52:192][  0]LogConfig: Applying CVar settings from Section [/Script/Engine.StreamingSettings] File [C:/Users/kim75/Desktop/Unreal_Portfolio/FPS_Action/Saved/Config/Windows/Engine.ini]
[2021.11.22-15.36.52:192][  0]LogConfig: Setting CVar [[s.MinBulkDataSizeForAsyncLoading:131072]]
[2021.11.22-15.36.52:192][  0]LogConfig: Setting CVar [[s.AsyncLoadingThreadEnabled:0]]
[2021.11.22-15.36.52:192][  0]LogConfig: Setting CVar [[s.EventDrivenLoaderEnabled:1]]
[2021.11.22-15.36.52:192][  0]LogConfig: Setting CVar [[s.WarnIfTimeLimitExceeded:0]]
[2021.11.22-15.36.52:192][  0]LogConfig: Setting CVar [[s.TimeLimitExceededMultiplier:1.5]]
[2021.11.22-15.36.52:192][  0]LogConfig: Setting CVar [[s.TimeLimitExceededMinTime:0.005]]
[2021.11.22-15.36.52:192][  0]LogConfig: Setting CVar [[s.UseBackgroundLevelStreaming:1]]
[2021.11.22-15.36.52:192][  0]LogConfig: Setting CVar [[s.PriorityAsyncLoadingExtraTime:15.0]]
[2021.11.22-15.36.52:192][  0]LogConfig: Setting CVar [[s.LevelStreamingActorsUpdateTimeLimit:5.0]]
[2021.11.22-15.36.52:192][  0]LogConfig: Setting CVar [[s.PriorityLevelStreamingActorsUpdateExtraTime:5.0]]
[2021.11.22-15.36.52:192][  0]LogConfig: Setting CVar [[s.LevelStreamingComponentsRegistrationGranularity:10]]
[2021.11.22-15.36.52:192][  0]LogConfig: Setting CVar [[s.UnregisterComponentsTimeLimit:1.0]]
[2021.11.22-15.36.52:192][  0]LogConfig: Setting CVar [[s.LevelStreamingComponentsUnregistrationGranularity:5]]
[2021.11.22-15.36.52:192][  0]LogConfig: Setting CVar [[s.FlushStreamingOnExit:1]]
[2021.11.22-15.36.52:192][  0]LogConfig: Applying CVar settings from Section [/Script/Engine.GarbageCollectionSettings] File [C:/Users/kim75/Desktop/Unreal_Portfolio/FPS_Action/Saved/Config/Windows/Engine.ini]
[2021.11.22-15.36.52:192][  0]LogConfig: Setting CVar [[gc.MaxObjectsNotConsideredByGC:1]]
[2021.11.22-15.36.52:192][  0]LogConfig: Setting CVar [[gc.SizeOfPermanentObjectPool:0]]
[2021.11.22-15.36.52:192][  0]LogConfig: Setting CVar [[gc.FlushStreamingOnGC:0]]
[2021.11.22-15.36.52:192][  0]LogConfig: Setting CVar [[gc.NumRetriesBeforeForcingGC:10]]
[2021.11.22-15.36.52:192][  0]LogConfig: Setting CVar [[gc.AllowParallelGC:1]]
[2021.11.22-15.36.52:192][  0]LogConfig: Setting CVar [[gc.TimeBetweenPurgingPendingKillObjects:61.1]]
[2021.11.22-15.36.52:192][  0]LogConfig: Setting CVar [[gc.MaxObjectsInEditor:25165824]]
[2021.11.22-15.36.52:192][  0]LogConfig: Setting CVar [[gc.IncrementalBeginDestroyEnabled:1]]
[2021.11.22-15.36.52:192][  0]LogConfig: Setting CVar [[gc.CreateGCClusters:1]]
[2021.11.22-15.36.52:192][  0]LogConfig: Setting CVar [[gc.MinGCClusterSize:5]]
[2021.11.22-15.36.52:192][  0]LogConfig: Setting CVar [[gc.ActorClusteringEnabled:0]]
[2021.11.22-15.36.52:192][  0]LogConfig: Setting CVar [[gc.BlueprintClusteringEnabled:0]]
[2021.11.22-15.36.52:192][  0]LogConfig: Setting CVar [[gc.UseDisregardForGCOnDedicatedServers:0]]
[2021.11.22-15.36.52:192][  0]LogConfig: Applying CVar settings from Section [/Script/Engine.NetworkSettings] File [C:/Users/kim75/Desktop/Unreal_Portfolio/FPS_Action/Saved/Config/Windows/Engine.ini]
[2021.11.22-15.36.52:192][  0]LogConfig: Applying CVar settings from Section [/Script/UnrealEd.CookerSettings] File [C:/Users/kim75/Desktop/Unreal_Portfolio/FPS_Action/Saved/Config/Windows/Engine.ini]
[2021.11.22-15.36.52:198][  0]LogConfig: Applying CVar settings from Section [ViewDistanceQuality@3] File [C:/Users/kim75/Desktop/Unreal_Portfolio/FPS_Action/Saved/Config/Windows/Scalability.ini]
[2021.11.22-15.36.52:198][  0]LogConfig: Setting CVar [[r.SkeletalMeshLODBias:0]]
[2021.11.22-15.36.52:198][  0]LogConfig: Setting CVar [[r.ViewDistanceScale:1.0]]
[2021.11.22-15.36.52:198][  0]LogConfig: Applying CVar settings from Section [AntiAliasingQuality@3] File [C:/Users/kim75/Desktop/Unreal_Portfolio/FPS_Action/Saved/Config/Windows/Scalability.ini]
[2021.11.22-15.36.52:198][  0]LogConfig: Setting CVar [[r.PostProcessAAQuality:4]]
[2021.11.22-15.36.52:198][  0]LogConfig: Applying CVar settings from Section [ShadowQuality@3] File [C:/Users/kim75/Desktop/Unreal_Portfolio/FPS_Action/Saved/Config/Windows/Scalability.ini]
[2021.11.22-15.36.52:198][  0]LogConfig: Setting CVar [[r.LightFunctionQuality:1]]
[2021.11.22-15.36.52:198][  0]LogConfig: Setting CVar [[r.ShadowQuality:5]]
[2021.11.22-15.36.52:198][  0]LogConfig: Setting CVar [[r.Shadow.CSM.MaxCascades:10]]
[2021.11.22-15.36.52:198][  0]LogConfig: Setting CVar [[r.Shadow.MaxResolution:2048]]
[2021.11.22-15.36.52:198][  0]LogConfig: Setting CVar [[r.Shadow.MaxCSMResolution:2048]]
[2021.11.22-15.36.52:198][  0]LogConfig: Setting CVar [[r.Shadow.RadiusThreshold:0.01]]
[2021.11.22-15.36.52:198][  0]LogConfig: Setting CVar [[r.Shadow.DistanceScale:1.0]]
[2021.11.22-15.36.52:198][  0]LogConfig: Setting CVar [[r.Shadow.CSM.TransitionScale:1.0]]
[2021.11.22-15.36.52:198][  0]LogConfig: Setting CVar [[r.Shadow.PreShadowResolutionFactor:1.0]]
[2021.11.22-15.36.52:198][  0]LogConfig: Setting CVar [[r.DistanceFieldShadowing:1]]
[2021.11.22-15.36.52:198][  0]LogConfig: Setting CVar [[r.DistanceFieldAO:1]]
[2021.11.22-15.36.52:198][  0]LogConfig: Setting CVar [[r.AOQuality:2]]
[2021.11.22-15.36.52:198][  0]LogConfig: Setting CVar [[r.VolumetricFog:1]]
[2021.11.22-15.36.52:198][  0]LogConfig: Setting CVar [[r.VolumetricFog.GridPixelSize:8]]
[2021.11.22-15.36.52:198][  0]LogConfig: Setting CVar [[r.VolumetricFog.GridSizeZ:128]]
[2021.11.22-15.36.52:198][  0]LogConfig: Setting CVar [[r.VolumetricFog.HistoryMissSupersampleCount:4]]
[2021.11.22-15.36.52:198][  0]LogConfig: Setting CVar [[r.LightMaxDrawDistanceScale:1]]
[2021.11.22-15.36.52:198][  0]LogConfig: Setting CVar [[r.CapsuleShadows:1]]
[2021.11.22-15.36.52:198][  0]LogConfig: Applying CVar settings from Section [PostProcessQuality@3] File [C:/Users/kim75/Desktop/Unreal_Portfolio/FPS_Action/Saved/Config/Windows/Scalability.ini]
[2021.11.22-15.36.52:198][  0]LogConfig: Setting CVar [[r.MotionBlurQuality:4]]
[2021.11.22-15.36.52:198][  0]LogConfig: Setting CVar [[r.AmbientOcclusionMipLevelFactor:0.4]]
[2021.11.22-15.36.52:198][  0]LogConfig: Setting CVar [[r.AmbientOcclusionMaxQuality:100]]
[2021.11.22-15.36.52:198][  0]LogConfig: Setting CVar [[r.AmbientOcclusionLevels:-1]]
[2021.11.22-15.36.52:198][  0]LogConfig: Setting CVar [[r.AmbientOcclusionRadiusScale:1.0]]
[2021.11.22-15.36.52:198][  0]LogConfig: Setting CVar [[r.DepthOfFieldQuality:2]]
[2021.11.22-15.36.52:198][  0]LogConfig: Setting CVar [[r.RenderTargetPoolMin:400]]
[2021.11.22-15.36.52:198][  0]LogConfig: Setting CVar [[r.LensFlareQuality:2]]
[2021.11.22-15.36.52:198][  0]LogConfig: Setting CVar [[r.SceneColorFringeQuality:1]]
[2021.11.22-15.36.52:198][  0]LogConfig: Setting CVar [[r.EyeAdaptationQuality:2]]
[2021.11.22-15.36.52:198][  0]LogConfig: Setting CVar [[r.BloomQuality:5]]
[2021.11.22-15.36.52:198][  0]LogConfig: Setting CVar [[r.FastBlurThreshold:100]]
[2021.11.22-15.36.52:198][  0]LogConfig: Setting CVar [[r.Upscale.Quality:3]]
[2021.11.22-15.36.52:198][  0]LogConfig: Setting CVar [[r.Tonemapper.GrainQuantization:1]]
[2021.11.22-15.36.52:198][  0]LogConfig: Setting CVar [[r.LightShaftQuality:1]]
[2021.11.22-15.36.52:198][  0]LogConfig: Setting CVar [[r.Filter.SizeScale:1]]
[2021.11.22-15.36.52:199][  0]LogConfig: Setting CVar [[r.Tonemapper.Quality:5]]
[2021.11.22-15.36.52:199][  0]LogConfig: Setting CVar [[r.DOF.Gather.AccumulatorQuality:1        ; higher gathering accumulator quality]]
[2021.11.22-15.36.52:199][  0]LogConfig: Setting CVar [[r.DOF.Gather.PostfilterMethod:1          ; Median3x3 postfilering method]]
[2021.11.22-15.36.52:199][  0]LogConfig: Setting CVar [[r.DOF.Gather.EnableBokehSettings:0       ; no bokeh simulation when gathering]]
[2021.11.22-15.36.52:199][  0]LogConfig: Setting CVar [[r.DOF.Gather.RingCount:4                 ; medium number of samples when gathering]]
[2021.11.22-15.36.52:199][  0]LogConfig: Setting CVar [[r.DOF.Scatter.ForegroundCompositing:1    ; additive foreground scattering]]
[2021.11.22-15.36.52:199][  0]LogConfig: Setting CVar [[r.DOF.Scatter.BackgroundCompositing:2    ; additive background scattering]]
[2021.11.22-15.36.52:199][  0]LogConfig: Setting CVar [[r.DOF.Scatter.EnableBokehSettings:1      ; bokeh simulation when scattering]]
[2021.11.22-15.36.52:199][  0]LogConfig: Setting CVar [[r.DOF.Scatter.MaxSpriteRatio:0.1         ; only a maximum of 10% of scattered bokeh]]
[2021.11.22-15.36.52:199][  0]LogConfig: Setting CVar [[r.DOF.Recombine.Quality:1                ; cheap slight out of focus]]
[2021.11.22-15.36.52:199][  0]LogConfig: Setting CVar [[r.DOF.Recombine.EnableBokehSettings:0    ; no bokeh simulation on slight out of focus]]
[2021.11.22-15.36.52:199][  0]LogConfig: Setting CVar [[r.DOF.TemporalAAQuality:1                ; more stable temporal accumulation]]
[2021.11.22-15.36.52:199][  0]LogConfig: Setting CVar [[r.DOF.Kernel.MaxForegroundRadius:0.025]]
[2021.11.22-15.36.52:199][  0]LogConfig: Setting CVar [[r.DOF.Kernel.MaxBackgroundRadius:0.025]]
[2021.11.22-15.36.52:199][  0]LogConfig: Applying CVar settings from Section [TextureQuality@3] File [C:/Users/kim75/Desktop/Unreal_Portfolio/FPS_Action/Saved/Config/Windows/Scalability.ini]
[2021.11.22-15.36.52:199][  0]LogConfig: Setting CVar [[r.Streaming.MipBias:0]]
[2021.11.22-15.36.52:199][  0]LogConfig: Setting CVar [[r.Streaming.AmortizeCPUToGPUCopy:0]]
[2021.11.22-15.36.52:199][  0]LogConfig: Setting CVar [[r.Streaming.MaxNumTexturesToStreamPerFrame:0]]
[2021.11.22-15.36.52:199][  0]LogConfig: Setting CVar [[r.Streaming.Boost:1]]
[2021.11.22-15.36.52:199][  0]LogConfig: Setting CVar [[r.MaxAnisotropy:8]]
[2021.11.22-15.36.52:199][  0]LogConfig: Setting CVar [[r.VT.MaxAnisotropy:8]]
[2021.11.22-15.36.52:199][  0]LogConfig: Setting CVar [[r.Streaming.LimitPoolSizeToVRAM:0]]
[2021.11.22-15.36.52:199][  0]LogConfig: Setting CVar [[r.Streaming.PoolSize:1000]]
[2021.11.22-15.36.52:199][  0]LogConfig: Setting CVar [[r.Streaming.MaxEffectiveScreenSize:0]]
[2021.11.22-15.36.52:199][  0]LogConfig: Applying CVar settings from Section [EffectsQuality@3] File [C:/Users/kim75/Desktop/Unreal_Portfolio/FPS_Action/Saved/Config/Windows/Scalability.ini]
[2021.11.22-15.36.52:199][  0]LogConfig: Setting CVar [[r.TranslucencyLightingVolumeDim:64]]
[2021.11.22-15.36.52:199][  0]LogConfig: Setting CVar [[r.RefractionQuality:2]]
[2021.11.22-15.36.52:199][  0]LogConfig: Setting CVar [[r.SSR.Quality:3]]
[2021.11.22-15.36.52:199][  0]LogConfig: Setting CVar [[r.SSR.HalfResSceneColor:0]]
[2021.11.22-15.36.52:199][  0]LogConfig: Setting CVar [[r.SceneColorFormat:4]]
[2021.11.22-15.36.52:199][  0]LogConfig: Setting CVar [[r.DetailMode:2]]
[2021.11.22-15.36.52:199][  0]LogConfig: Setting CVar [[r.TranslucencyVolumeBlur:1]]
[2021.11.22-15.36.52:199][  0]LogConfig: Setting CVar [[r.MaterialQualityLevel:1 ; High quality]]
[2021.11.22-15.36.52:199][  0]LogConfig: Setting CVar [[r.SSS.Scale:1]]
[2021.11.22-15.36.52:199][  0]LogConfig: Setting CVar [[r.SSS.SampleSet:2]]
[2021.11.22-15.36.52:199][  0]LogConfig: Setting CVar [[r.SSS.Quality:1]]
[2021.11.22-15.36.52:199][  0]LogConfig: Setting CVar [[r.SSS.HalfRes:0]]
[2021.11.22-15.36.52:199][  0]LogConfig: Setting CVar [[r.SSGI.Quality:3]]
[2021.11.22-15.36.52:199][  0]LogConfig: Setting CVar [[r.EmitterSpawnRateScale:1.0]]
[2021.11.22-15.36.52:199][  0]LogConfig: Setting CVar [[r.ParticleLightQuality:2]]
[2021.11.22-15.36.52:199][  0]LogConfig: Setting CVar [[r.SkyAtmosphere.AerialPerspectiveLUT.FastApplyOnOpaque:1 ; Always have FastSkyLUT 1 in this case to avoid wrong sky]]
[2021.11.22-15.36.52:199][  0]LogConfig: Setting CVar [[r.SkyAtmosphere.AerialPerspectiveLUT.SampleCountPerSlice:1]]
[2021.11.22-15.36.52:199][  0]LogConfig: Setting CVar [[r.SkyAtmosphere.AerialPerspectiveLUT.DepthResolution:16.0]]
[2021.11.22-15.36.52:199][  0]LogConfig: Setting CVar [[r.SkyAtmosphere.FastSkyLUT:1]]
[2021.11.22-15.36.52:199][  0]LogConfig: Setting CVar [[r.SkyAtmosphere.FastSkyLUT.SampleCountMin:4.0]]
[2021.11.22-15.36.52:199][  0]LogConfig: Setting CVar [[r.SkyAtmosphere.FastSkyLUT.SampleCountMax:32.0]]
[2021.11.22-15.36.52:199][  0]LogConfig: Setting CVar [[r.SkyAtmosphere.SampleCountMin:4.0]]
[2021.11.22-15.36.52:199][  0]LogConfig: Setting CVar [[r.SkyAtmosphere.SampleCountMax:32.0]]
[2021.11.22-15.36.52:199][  0]LogConfig: Setting CVar [[r.SkyAtmosphere.TransmittanceLUT.UseSmallFormat:0]]
[2021.11.22-15.36.52:199][  0]LogConfig: Setting CVar [[r.SkyAtmosphere.TransmittanceLUT.SampleCount:10.0]]
[2021.11.22-15.36.52:199][  0]LogConfig: Setting CVar [[r.SkyAtmosphere.MultiScatteringLUT.SampleCount:15.0]]
[2021.11.22-15.36.52:199][  0]LogConfig: Applying CVar settings from Section [FoliageQuality@3] File [C:/Users/kim75/Desktop/Unreal_Portfolio/FPS_Action/Saved/Config/Windows/Scalability.ini]
[2021.11.22-15.36.52:199][  0]LogConfig: Setting CVar [[foliage.DensityScale:1.0]]
[2021.11.22-15.36.52:199][  0]LogConfig: Setting CVar [[grass.DensityScale:1.0]]
[2021.11.22-15.36.52:199][  0]LogConfig: Applying CVar settings from Section [ShadingQuality@3] File [C:/Users/kim75/Desktop/Unreal_Portfolio/FPS_Action/Saved/Config/Windows/Scalability.ini]
[2021.11.22-15.36.52:199][  0]LogConfig: Setting CVar [[r.HairStrands.SkyLighting.SampleCount:16]]
[2021.11.22-15.36.52:199][  0]LogConfig: Setting CVar [[r.HairStrands.SkyLighting.JitterIntegration:0]]
[2021.11.22-15.36.52:200][  0]LogConfig: Setting CVar [[r.HairStrands.SkyAO.SampleCount:16]]
[2021.11.22-15.36.52:200][  0]LogConfig: Setting CVar [[r.HairStrands.DeepShadow.SuperSampling:0]]
[2021.11.22-15.36.52:200][  0]LogConfig: Setting CVar [[r.HairStrands.VisibilityPPLL:0]]
[2021.11.22-15.36.52:200][  0]LogConfig: Setting CVar [[r.HairStrands.RasterizationScale:0.5]]
[2021.11.22-15.36.52:200][  0]LogConfig: Setting CVar [[r.HairStrands.VelocityRasterizationScale:1]]
[2021.11.22-15.36.52:200][  0]LogInit: Selected Device Profile: [Windows]
[2021.11.22-15.36.52:200][  0]LogInit: Applying CVar settings loaded from the selected device profile: [Windows]
[2021.11.22-15.36.52:200][  0]LogHAL: Display: Platform has ~ 16 GB [17010716672 / 17179869184 / 16], which maps to Larger [LargestMinGB=32, LargerMinGB=12, DefaultMinGB=8, SmallerMinGB=6, SmallestMinGB=0)
[2021.11.22-15.36.52:200][  0]LogInit: Going up to parent DeviceProfile []
[2021.11.22-15.36.52:200][  0]LogConfig: Applying CVar settings from Section [ViewDistanceQuality@3] File [C:/Users/kim75/Desktop/Unreal_Portfolio/FPS_Action/Saved/Config/Windows/Scalability.ini]
[2021.11.22-15.36.52:200][  0]LogConfig: Setting CVar [[r.SkeletalMeshLODBias:0]]
[2021.11.22-15.36.52:200][  0]LogConfig: Setting CVar [[r.ViewDistanceScale:1.0]]
[2021.11.22-15.36.52:200][  0]LogConfig: Applying CVar settings from Section [AntiAliasingQuality@3] File [C:/Users/kim75/Desktop/Unreal_Portfolio/FPS_Action/Saved/Config/Windows/Scalability.ini]
[2021.11.22-15.36.52:200][  0]LogConfig: Setting CVar [[r.PostProcessAAQuality:4]]
[2021.11.22-15.36.52:200][  0]LogConfig: Applying CVar settings from Section [ShadowQuality@3] File [C:/Users/kim75/Desktop/Unreal_Portfolio/FPS_Action/Saved/Config/Windows/Scalability.ini]
[2021.11.22-15.36.52:200][  0]LogConfig: Setting CVar [[r.LightFunctionQuality:1]]
[2021.11.22-15.36.52:200][  0]LogConfig: Setting CVar [[r.ShadowQuality:5]]
[2021.11.22-15.36.52:200][  0]LogConfig: Setting CVar [[r.Shadow.CSM.MaxCascades:10]]
[2021.11.22-15.36.52:200][  0]LogConfig: Setting CVar [[r.Shadow.MaxResolution:2048]]
[2021.11.22-15.36.52:200][  0]LogConfig: Setting CVar [[r.Shadow.MaxCSMResolution:2048]]
[2021.11.22-15.36.52:200][  0]LogConfig: Setting CVar [[r.Shadow.RadiusThreshold:0.01]]
[2021.11.22-15.36.52:200][  0]LogConfig: Setting CVar [[r.Shadow.DistanceScale:1.0]]
[2021.11.22-15.36.52:200][  0]LogConfig: Setting CVar [[r.Shadow.CSM.TransitionScale:1.0]]
[2021.11.22-15.36.52:200][  0]LogConfig: Setting CVar [[r.Shadow.PreShadowResolutionFactor:1.0]]
[2021.11.22-15.36.52:200][  0]LogConfig: Setting CVar [[r.DistanceFieldShadowing:1]]
[2021.11.22-15.36.52:200][  0]LogConfig: Setting CVar [[r.DistanceFieldAO:1]]
[2021.11.22-15.36.52:200][  0]LogConfig: Setting CVar [[r.AOQuality:2]]
[2021.11.22-15.36.52:200][  0]LogConfig: Setting CVar [[r.VolumetricFog:1]]
[2021.11.22-15.36.52:200][  0]LogConfig: Setting CVar [[r.VolumetricFog.GridPixelSize:8]]
[2021.11.22-15.36.52:200][  0]LogConfig: Setting CVar [[r.VolumetricFog.GridSizeZ:128]]
[2021.11.22-15.36.52:200][  0]LogConfig: Setting CVar [[r.VolumetricFog.HistoryMissSupersampleCount:4]]
[2021.11.22-15.36.52:200][  0]LogConfig: Setting CVar [[r.LightMaxDrawDistanceScale:1]]
[2021.11.22-15.36.52:200][  0]LogConfig: Setting CVar [[r.CapsuleShadows:1]]
[2021.11.22-15.36.52:200][  0]LogConfig: Applying CVar settings from Section [PostProcessQuality@3] File [C:/Users/kim75/Desktop/Unreal_Portfolio/FPS_Action/Saved/Config/Windows/Scalability.ini]
[2021.11.22-15.36.52:200][  0]LogConfig: Setting CVar [[r.MotionBlurQuality:4]]
[2021.11.22-15.36.52:200][  0]LogConfig: Setting CVar [[r.AmbientOcclusionMipLevelFactor:0.4]]
[2021.11.22-15.36.52:200][  0]LogConfig: Setting CVar [[r.AmbientOcclusionMaxQuality:100]]
[2021.11.22-15.36.52:200][  0]LogConfig: Setting CVar [[r.AmbientOcclusionLevels:-1]]
[2021.11.22-15.36.52:200][  0]LogConfig: Setting CVar [[r.AmbientOcclusionRadiusScale:1.0]]
[2021.11.22-15.36.52:200][  0]LogConfig: Setting CVar [[r.DepthOfFieldQuality:2]]
[2021.11.22-15.36.52:200][  0]LogConfig: Setting CVar [[r.RenderTargetPoolMin:400]]
[2021.11.22-15.36.52:200][  0]LogConfig: Setting CVar [[r.LensFlareQuality:2]]
[2021.11.22-15.36.52:200][  0]LogConfig: Setting CVar [[r.SceneColorFringeQuality:1]]
[2021.11.22-15.36.52:200][  0]LogConfig: Setting CVar [[r.EyeAdaptationQuality:2]]
[2021.11.22-15.36.52:200][  0]LogConfig: Setting CVar [[r.BloomQuality:5]]
[2021.11.22-15.36.52:200][  0]LogConfig: Setting CVar [[r.FastBlurThreshold:100]]
[2021.11.22-15.36.52:200][  0]LogConfig: Setting CVar [[r.Upscale.Quality:3]]
[2021.11.22-15.36.52:200][  0]LogConfig: Setting CVar [[r.Tonemapper.GrainQuantization:1]]
[2021.11.22-15.36.52:200][  0]LogConfig: Setting CVar [[r.LightShaftQuality:1]]
[2021.11.22-15.36.52:200][  0]LogConfig: Setting CVar [[r.Filter.SizeScale:1]]
[2021.11.22-15.36.52:201][  0]LogConfig: Setting CVar [[r.Tonemapper.Quality:5]]
[2021.11.22-15.36.52:201][  0]LogConfig: Setting CVar [[r.DOF.Gather.AccumulatorQuality:1        ; higher gathering accumulator quality]]
[2021.11.22-15.36.52:201][  0]LogConfig: Setting CVar [[r.DOF.Gather.PostfilterMethod:1          ; Median3x3 postfilering method]]
[2021.11.22-15.36.52:201][  0]LogConfig: Setting CVar [[r.DOF.Gather.EnableBokehSettings:0       ; no bokeh simulation when gathering]]
[2021.11.22-15.36.52:201][  0]LogConfig: Setting CVar [[r.DOF.Gather.RingCount:4                 ; medium number of samples when gathering]]
[2021.11.22-15.36.52:201][  0]LogConfig: Setting CVar [[r.DOF.Scatter.ForegroundCompositing:1    ; additive foreground scattering]]
[2021.11.22-15.36.52:201][  0]LogConfig: Setting CVar [[r.DOF.Scatter.BackgroundCompositing:2    ; additive background scattering]]
[2021.11.22-15.36.52:201][  0]LogConfig: Setting CVar [[r.DOF.Scatter.EnableBokehSettings:1      ; bokeh simulation when scattering]]
[2021.11.22-15.36.52:201][  0]LogConfig: Setting CVar [[r.DOF.Scatter.MaxSpriteRatio:0.1         ; only a maximum of 10% of scattered bokeh]]
[2021.11.22-15.36.52:201][  0]LogConfig: Setting CVar [[r.DOF.Recombine.Quality:1                ; cheap slight out of focus]]
[2021.11.22-15.36.52:201][  0]LogConfig: Setting CVar [[r.DOF.Recombine.EnableBokehSettings:0    ; no bokeh simulation on slight out of focus]]
[2021.11.22-15.36.52:201][  0]LogConfig: Setting CVar [[r.DOF.TemporalAAQuality:1                ; more stable temporal accumulation]]
[2021.11.22-15.36.52:201][  0]LogConfig: Setting CVar [[r.DOF.Kernel.MaxForegroundRadius:0.025]]
[2021.11.22-15.36.52:201][  0]LogConfig: Setting CVar [[r.DOF.Kernel.MaxBackgroundRadius:0.025]]
[2021.11.22-15.36.52:201][  0]LogConfig: Applying CVar settings from Section [TextureQuality@3] File [C:/Users/kim75/Desktop/Unreal_Portfolio/FPS_Action/Saved/Config/Windows/Scalability.ini]
[2021.11.22-15.36.52:201][  0]LogConfig: Setting CVar [[r.Streaming.MipBias:0]]
[2021.11.22-15.36.52:201][  0]LogConfig: Setting CVar [[r.Streaming.AmortizeCPUToGPUCopy:0]]
[2021.11.22-15.36.52:201][  0]LogConfig: Setting CVar [[r.Streaming.MaxNumTexturesToStreamPerFrame:0]]
[2021.11.22-15.36.52:201][  0]LogConfig: Setting CVar [[r.Streaming.Boost:1]]
[2021.11.22-15.36.52:201][  0]LogConfig: Setting CVar [[r.MaxAnisotropy:8]]
[2021.11.22-15.36.52:201][  0]LogConfig: Setting CVar [[r.VT.MaxAnisotropy:8]]
[2021.11.22-15.36.52:201][  0]LogConfig: Setting CVar [[r.Streaming.LimitPoolSizeToVRAM:0]]
[2021.11.22-15.36.52:201][  0]LogConfig: Setting CVar [[r.Streaming.PoolSize:1000]]
[2021.11.22-15.36.52:201][  0]LogConfig: Setting CVar [[r.Streaming.MaxEffectiveScreenSize:0]]
[2021.11.22-15.36.52:201][  0]LogConfig: Applying CVar settings from Section [EffectsQuality@3] File [C:/Users/kim75/Desktop/Unreal_Portfolio/FPS_Action/Saved/Config/Windows/Scalability.ini]
[2021.11.22-15.36.52:201][  0]LogConfig: Setting CVar [[r.TranslucencyLightingVolumeDim:64]]
[2021.11.22-15.36.52:201][  0]LogConfig: Setting CVar [[r.RefractionQuality:2]]
[2021.11.22-15.36.52:201][  0]LogConfig: Setting CVar [[r.SSR.Quality:3]]
[2021.11.22-15.36.52:201][  0]LogConfig: Setting CVar [[r.SSR.HalfResSceneColor:0]]
[2021.11.22-15.36.52:201][  0]LogConfig: Setting CVar [[r.SceneColorFormat:4]]
[2021.11.22-15.36.52:201][  0]LogConfig: Setting CVar [[r.DetailMode:2]]
[2021.11.22-15.36.52:201][  0]LogConfig: Setting CVar [[r.TranslucencyVolumeBlur:1]]
[2021.11.22-15.36.52:201][  0]LogConfig: Setting CVar [[r.MaterialQualityLevel:1 ; High quality]]
[2021.11.22-15.36.52:201][  0]LogConfig: Setting CVar [[r.SSS.Scale:1]]
[2021.11.22-15.36.52:201][  0]LogConfig: Setting CVar [[r.SSS.SampleSet:2]]
[2021.11.22-15.36.52:201][  0]LogConfig: Setting CVar [[r.SSS.Quality:1]]
[2021.11.22-15.36.52:201][  0]LogConfig: Setting CVar [[r.SSS.HalfRes:0]]
[2021.11.22-15.36.52:201][  0]LogConfig: Setting CVar [[r.SSGI.Quality:3]]
[2021.11.22-15.36.52:201][  0]LogConfig: Setting CVar [[r.EmitterSpawnRateScale:1.0]]
[2021.11.22-15.36.52:201][  0]LogConfig: Setting CVar [[r.ParticleLightQuality:2]]
[2021.11.22-15.36.52:201][  0]LogConfig: Setting CVar [[r.SkyAtmosphere.AerialPerspectiveLUT.FastApplyOnOpaque:1 ; Always have FastSkyLUT 1 in this case to avoid wrong sky]]
[2021.11.22-15.36.52:201][  0]LogConfig: Setting CVar [[r.SkyAtmosphere.AerialPerspectiveLUT.SampleCountPerSlice:1]]
[2021.11.22-15.36.52:201][  0]LogConfig: Setting CVar [[r.SkyAtmosphere.AerialPerspectiveLUT.DepthResolution:16.0]]
[2021.11.22-15.36.52:201][  0]LogConfig: Setting CVar [[r.SkyAtmosphere.FastSkyLUT:1]]
[2021.11.22-15.36.52:201][  0]LogConfig: Setting CVar [[r.SkyAtmosphere.FastSkyLUT.SampleCountMin:4.0]]
[2021.11.22-15.36.52:201][  0]LogConfig: Setting CVar [[r.SkyAtmosphere.FastSkyLUT.SampleCountMax:32.0]]
[2021.11.22-15.36.52:201][  0]LogConfig: Setting CVar [[r.SkyAtmosphere.SampleCountMin:4.0]]
[2021.11.22-15.36.52:201][  0]LogConfig: Setting CVar [[r.SkyAtmosphere.SampleCountMax:32.0]]
[2021.11.22-15.36.52:201][  0]LogConfig: Setting CVar [[r.SkyAtmosphere.TransmittanceLUT.UseSmallFormat:0]]
[2021.11.22-15.36.52:201][  0]LogConfig: Setting CVar [[r.SkyAtmosphere.TransmittanceLUT.SampleCount:10.0]]
[2021.11.22-15.36.52:201][  0]LogConfig: Setting CVar [[r.SkyAtmosphere.MultiScatteringLUT.SampleCount:15.0]]
[2021.11.22-15.36.52:201][  0]LogConfig: Applying CVar settings from Section [FoliageQuality@3] File [C:/Users/kim75/Desktop/Unreal_Portfolio/FPS_Action/Saved/Config/Windows/Scalability.ini]
[2021.11.22-15.36.52:201][  0]LogConfig: Setting CVar [[foliage.DensityScale:1.0]]
[2021.11.22-15.36.52:201][  0]LogConfig: Setting CVar [[grass.DensityScale:1.0]]
[2021.11.22-15.36.52:201][  0]LogConfig: Applying CVar settings from Section [ShadingQuality@3] File [C:/Users/kim75/Desktop/Unreal_Portfolio/FPS_Action/Saved/Config/Windows/Scalability.ini]
[2021.11.22-15.36.52:201][  0]LogConfig: Setting CVar [[r.HairStrands.SkyLighting.SampleCount:16]]
[2021.11.22-15.36.52:202][  0]LogConfig: Setting CVar [[r.HairStrands.SkyLighting.JitterIntegration:0]]
[2021.11.22-15.36.52:202][  0]LogConfig: Setting CVar [[r.HairStrands.SkyAO.SampleCount:16]]
[2021.11.22-15.36.52:202][  0]LogConfig: Setting CVar [[r.HairStrands.DeepShadow.SuperSampling:0]]
[2021.11.22-15.36.52:202][  0]LogConfig: Setting CVar [[r.HairStrands.VisibilityPPLL:0]]
[2021.11.22-15.36.52:202][  0]LogConfig: Setting CVar [[r.HairStrands.RasterizationScale:0.5]]
[2021.11.22-15.36.52:202][  0]LogConfig: Setting CVar [[r.HairStrands.VelocityRasterizationScale:1]]
[2021.11.22-15.36.52:202][  0]LogConfig: Applying CVar settings from Section [Startup] File [../../../Engine/Config/ConsoleVariables.ini]
[2021.11.22-15.36.52:202][  0]LogConfig: Setting CVar [[net.UseAdaptiveNetUpdateFrequency:0]]
[2021.11.22-15.36.52:202][  0]LogConfig: Setting CVar [[p.chaos.AllowCreatePhysxBodies:1]]
[2021.11.22-15.36.52:202][  0]LogConfig: Setting CVar [[fx.SkipVectorVMBackendOptimizations:1]]
[2021.11.22-15.36.52:202][  0]LogConfig: Applying CVar settings from Section [ConsoleVariables] File [C:/Users/kim75/Desktop/Unreal_Portfolio/FPS_Action/Saved/Config/Windows/Engine.ini]
[2021.11.22-15.36.52:202][  0]LogInit: Computer: CHAN
[2021.11.22-15.36.52:202][  0]LogInit: User: chanheess
[2021.11.22-15.36.52:202][  0]LogInit: CPU Page size=4096, Cores=4
[2021.11.22-15.36.52:202][  0]LogInit: High frequency timer resolution =10.000000 MHz
[2021.11.22-15.36.52:202][  0]LogMemory: Memory total: Physical=15.8GB (16GB approx)
[2021.11.22-15.36.52:202][  0]LogMemory: Platform Memory Stats for Windows
[2021.11.22-15.36.52:202][  0]LogMemory: Process Physical Memory: 116.32 MB used, 116.32 MB peak
[2021.11.22-15.36.52:202][  0]LogMemory: Process Virtual Memory: 104.35 MB used, 104.35 MB peak
[2021.11.22-15.36.52:202][  0]LogMemory: Physical Memory: 10455.04 MB used,  5767.64 MB free, 16222.68 MB total
[2021.11.22-15.36.52:202][  0]LogMemory: Virtual Memory: 5153.27 MB used,  134212576.00 MB free, 134217728.00 MB total
[2021.11.22-15.36.52:266][  0]LogWindows: WindowsPlatformFeatures enabled
[2021.11.22-15.36.52:329][  0]LogInit: Physics initialised using underlying interface: PhysX
[2021.11.22-15.36.52:329][  0]LogInit: Using OS detected language (ko-KR).
[2021.11.22-15.36.52:330][  0]LogInit: Using OS detected locale (ko-KR).
[2021.11.22-15.36.52:333][  0]LogTextLocalizationManager: No specific localization for 'ko-KR' exists, so the 'ko' localization will be used.
[2021.11.22-15.36.52:441][  0]LogInit: Setting process to per monitor DPI aware
[2021.11.22-15.36.52:543][  0]LogSlate: New Slate User Created.  User Index 0, Is Virtual User: 0
[2021.11.22-15.36.52:543][  0]LogSlate: Slate User Registered.  User Index 0, Is Virtual User: 0
[2021.11.22-15.36.52:786][  0]LogHMD: Failed to initialize OpenVR with code 110
[2021.11.22-15.36.52:786][  0]LogD3D11RHI: D3D11 min allowed feature level: 11_0
[2021.11.22-15.36.52:786][  0]LogD3D11RHI: D3D11 max allowed feature level: 11_0
[2021.11.22-15.36.52:786][  0]LogD3D11RHI: D3D11 adapters:
[2021.11.22-15.36.52:926][  0]LogD3D11RHI:    0. 'NVIDIA GeForce GTX 1650 with Max-Q Design' (Feature Level 11_0)
[2021.11.22-15.36.52:926][  0]LogD3D11RHI:       3964/0/8111 MB DedicatedVideo/DedicatedSystem/SharedSystem, Outputs:2, VendorId:0x10de
[2021.11.22-15.36.52:969][  0]LogD3D11RHI:    1. 'Intel(R) UHD Graphics 620' (Feature Level 11_0)
[2021.11.22-15.36.52:969][  0]LogD3D11RHI:       128/0/8111 MB DedicatedVideo/DedicatedSystem/SharedSystem, Outputs:0, VendorId:0x8086
[2021.11.22-15.36.52:972][  0]LogD3D11RHI:    2. 'Microsoft Basic Render Driver' (Feature Level 11_0)
[2021.11.22-15.36.52:972][  0]LogD3D11RHI:       0/0/8111 MB DedicatedVideo/DedicatedSystem/SharedSystem, Outputs:0, VendorId:0x1414
[2021.11.22-15.36.52:972][  0]LogD3D11RHI: Chosen D3D11 Adapter: 0
[2021.11.22-15.36.52:981][  0]LogD3D11RHI: Creating new Direct3DDevice
[2021.11.22-15.36.52:981][  0]LogD3D11RHI:     GPU DeviceId: 0x1f91 (for the marketing name, search the web for "GPU Device Id")
[2021.11.22-15.36.52:981][  0]LogWindows: EnumDisplayDevices:
[2021.11.22-15.36.52:982][  0]LogWindows:    0. 'Intel(R) UHD Graphics 620' (P:0 D:1)
[2021.11.22-15.36.52:982][  0]LogWindows:    1. 'Intel(R) UHD Graphics 620' (P:1 D:1)
[2021.11.22-15.36.52:982][  0]LogWindows:    2. 'Intel(R) UHD Graphics 620' (P:0 D:0)
[2021.11.22-15.36.52:983][  0]LogWindows: DebugString: PrimaryIsNotTheChoosenAdapter PrimaryIsNotTheChoosenAdapter PrimaryIsNotTheChoosenAdapter FoundDriverCount:0 
[2021.11.22-15.36.52:983][  0]LogD3D11RHI:     Adapter Name: NVIDIA GeForce GTX 1650 with Max-Q Design
[2021.11.22-15.36.52:983][  0]LogD3D11RHI:   Driver Version: Unknown (internal:Unknown, unified:Unknown)
[2021.11.22-15.36.52:983][  0]LogD3D11RHI:      Driver Date: Unknown
[2021.11.22-15.36.52:983][  0]LogRHI: Texture pool is 2774 MB (70% of 3964 MB)
[2021.11.22-15.36.53:100][  0]LogD3D11RHI: RHI has support for 64 bit atomics
[2021.11.22-15.36.53:101][  0]LogD3D11RHI: Async texture creation enabled
[2021.11.22-15.36.53:101][  0]LogD3D11RHI: Array index from any shader is supported
[2021.11.22-15.36.53:127][  0]LogD3D11RHI: GPU Timing Frequency: 1000.000000 (Debug: 2 2)
[2021.11.22-15.36.53:600][  0]LogTargetPlatformManager: Display: Loaded TargetPlatform 'AllDesktop'
[2021.11.22-15.36.53:627][  0]LogTargetPlatformManager: Display: Loaded TargetPlatform 'Android'
[2021.11.22-15.36.53:627][  0]LogTargetPlatformManager: Display: Loaded TargetPlatform 'Android_ASTC'
[2021.11.22-15.36.53:627][  0]LogTargetPlatformManager: Display: Loaded TargetPlatform 'Android_DXT'
[2021.11.22-15.36.53:627][  0]LogTargetPlatformManager: Display: Loaded TargetPlatform 'Android_ETC2'
[2021.11.22-15.36.53:627][  0]LogTargetPlatformManager: Display: Loaded TargetPlatform 'AndroidClient'
[2021.11.22-15.36.53:627][  0]LogTargetPlatformManager: Display: Loaded TargetPlatform 'Android_ASTCClient'
[2021.11.22-15.36.53:627][  0]LogTargetPlatformManager: Display: Loaded TargetPlatform 'Android_DXTClient'
[2021.11.22-15.36.53:627][  0]LogTargetPlatformManager: Display: Loaded TargetPlatform 'Android_ETC2Client'
[2021.11.22-15.36.53:627][  0]LogTargetPlatformManager: Display: Loaded TargetPlatform 'Android_Multi'
[2021.11.22-15.36.53:627][  0]LogTargetPlatformManager: Display: Loaded TargetPlatform 'Android_MultiClient'
[2021.11.22-15.36.53:657][  0]LogTargetPlatformManager: Display: Loaded TargetPlatform 'IOSClient'
[2021.11.22-15.36.53:657][  0]LogTargetPlatformManager: Display: Loaded TargetPlatform 'IOS'
[2021.11.22-15.36.53:669][  0]LogTargetPlatformManager: Display: Loaded TargetPlatform 'Linux'
[2021.11.22-15.36.53:679][  0]LogTargetPlatformManager: Display: Loaded TargetPlatform 'LinuxNoEditor'
[2021.11.22-15.36.53:690][  0]LogTargetPlatformManager: Display: Loaded TargetPlatform 'LinuxClient'
[2021.11.22-15.36.53:701][  0]LogTargetPlatformManager: Display: Loaded TargetPlatform 'LinuxServer'
[2021.11.22-15.36.53:712][  0]LogTargetPlatformManager: Display: Loaded TargetPlatform 'LinuxAArch64NoEditor'
[2021.11.22-15.36.53:723][  0]LogTargetPlatformManager: Display: Loaded TargetPlatform 'LinuxAArch64Client'
[2021.11.22-15.36.53:735][  0]LogTargetPlatformManager: Display: Loaded TargetPlatform 'LinuxAArch64Server'
[2021.11.22-15.36.53:765][  0]LogTargetPlatformManager: Display: Loaded TargetPlatform 'Lumin'
[2021.11.22-15.36.53:765][  0]LogTargetPlatformManager: Display: Loaded TargetPlatform 'LuminClient'
[2021.11.22-15.36.53:783][  0]LogTargetPlatformManager: Display: Loaded TargetPlatform 'TVOSClient'
[2021.11.22-15.36.53:783][  0]LogTargetPlatformManager: Display: Loaded TargetPlatform 'TVOS'
[2021.11.22-15.36.53:796][  0]LogTargetPlatformManager: Display: Loaded TargetPlatform 'WindowsNoEditor'
[2021.11.22-15.36.53:808][  0]LogTargetPlatformManager: Display: Loaded TargetPlatform 'Windows'
[2021.11.22-15.36.53:819][  0]LogTargetPlatformManager: Display: Loaded TargetPlatform 'WindowsClient'
[2021.11.22-15.36.53:830][  0]LogTargetPlatformManager: Display: Loaded TargetPlatform 'WindowsServer'
[2021.11.22-15.36.53:830][  0]LogTargetPlatformManager: Display: Building Assets For Windows
[2021.11.22-15.36.53:839][  0]LogAudioDebug: Display: Lib vorbis DLL was dynamically loaded.
[2021.11.22-15.36.53:918][  0]LogShaderCompilers: Guid format shader working directory is -17 characters bigger than the processId version (../../../../../Users/kim75/Desktop/Unreal_Portfolio/FPS_Action/Intermediate/Shaders/WorkingDirectory/19344/).
[2021.11.22-15.36.53:918][  0]LogShaderCompilers: Cleaned the shader compiler working directory 'C:/Users/kim75/AppData/Local/Temp/UnrealShaderWorkingDir/DD9E0FD046DE84F0242E3BB0F8262205/'.
[2021.11.22-15.36.53:919][  0]LogXGEController: Cannot use XGE Controller as Incredibuild is not installed on this machine.
[2021.11.22-15.36.53:919][  0]LogShaderCompilers: Cannot use XGE Shader Compiler as Incredibuild is not installed on this machine.
[2021.11.22-15.36.53:919][  0]LogShaderCompilers: Display: Using Local Shader Compiler.
[2021.11.22-15.36.54:966][  0]LogDerivedDataCache: Display: Max Cache Size: 512 MB
[2021.11.22-15.36.55:028][  0]LogDerivedDataCache: Loaded boot cache 0.06s 77MB C:/Users/kim75/AppData/Local/UnrealEngine/4.25/DerivedDataCache/Boot.ddc.
[2021.11.22-15.36.55:028][  0]LogDerivedDataCache: Display: Loaded Boot cache: C:/Users/kim75/AppData/Local/UnrealEngine/4.25/DerivedDataCache/Boot.ddc
[2021.11.22-15.36.55:028][  0]LogDerivedDataCache: FDerivedDataBackendGraph:  Pak pak cache file ../../../../../Users/kim75/Desktop/Unreal_Portfolio/FPS_Action/DerivedDataCache/DDC.ddp not found, will not use a pak cache.
[2021.11.22-15.36.55:028][  0]LogDerivedDataCache: Unable to find inner node Pak for hierarchical cache Hierarchy.
[2021.11.22-15.36.55:028][  0]LogDerivedDataCache: FDerivedDataBackendGraph:  CompressedPak pak cache file ../../../../../Users/kim75/Desktop/Unreal_Portfolio/FPS_Action/DerivedDataCache/Compressed.ddp not found, will not use a pak cache.
[2021.11.22-15.36.55:028][  0]LogDerivedDataCache: Unable to find inner node CompressedPak for hierarchical cache Hierarchy.
[2021.11.22-15.36.55:039][  0]LogDerivedDataCache: Display: Pak cache opened for reading ../../../Engine/DerivedDataCache/Compressed.ddp.
[2021.11.22-15.36.55:039][  0]LogDerivedDataCache: FDerivedDataBackendGraph:  EnterprisePak pak cache file ../../../Enterprise/DerivedDataCache/Compressed.ddp not found, will not use a pak cache.
[2021.11.22-15.36.55:040][  0]LogDerivedDataCache: Unable to find inner node EnterprisePak for hierarchical cache Hierarchy.
[2021.11.22-15.36.55:041][  0]LogDerivedDataCache: Using Local data cache path C:/Users/kim75/AppData/Local/UnrealEngine/Common/DerivedDataCache: Writable
[2021.11.22-15.36.55:041][  0]LogDerivedDataCache: Shared data cache path not found in *engine.ini, will not use an Shared cache.
[2021.11.22-15.36.55:041][  0]LogDerivedDataCache: Unable to find inner node Shared for hierarchical cache Hierarchy.
[2021.11.22-15.36.55:114][  0]LogSlate: Using FreeType 2.10.0
[2021.11.22-15.36.55:114][  0]LogSlate: SlateFontServices - WITH_FREETYPE: 1, WITH_HARFBUZZ: 1
[2021.11.22-15.36.55:152][  0]LogAssetRegistry: FAssetRegistry took 0.0031 seconds to start up
[2021.11.22-15.36.55:472][  0]LogInit: Selected Device Profile: [Windows]
[2021.11.22-15.36.55:612][  0]LogMeshReduction: Using QuadricMeshReduction for automatic static mesh reduction
[2021.11.22-15.36.55:612][  0]LogMeshReduction: Using SimplygonMeshReduction for automatic skeletal mesh reduction
[2021.11.22-15.36.55:612][  0]LogMeshReduction: Using ProxyLODMeshReduction for automatic mesh merging
[2021.11.22-15.36.55:612][  0]LogMeshReduction: No distributed automatic mesh merging module available
[2021.11.22-15.36.55:612][  0]LogMeshMerging: No distributed automatic mesh merging module available
[2021.11.22-15.36.55:646][  0]LogNetVersion: FPS_Action 1.0.0, NetCL: 13144385, EngineNetVer: 14, GameNetVer: 0 (Checksum: 648539812)
[2021.11.22-15.36.56:334][  0]LogAISub: UAISubsystem::UAISubsystem AISubsystem (000001F61F0C1D00), frame # 0
[2021.11.22-15.36.56:334][  0]LogAISub: UAISubsystem::UAISubsystem AIPerceptionSystem (000001F61F0407C0), frame # 0
[2021.11.22-15.36.56:335][  0]LogAISub: UAISubsystem::UAISubsystem EnvQueryManager (000001F61F05DE00), frame # 0
[2021.11.22-15.36.56:411][  0]LogPackageLocalizationCache: Processed 19 localized package path(s) for 1 prioritized culture(s) in 0.069561 seconds
[2021.11.22-15.36.56:418][  0]LogUObjectArray: 15917 objects as part of root set at end of initial load.
[2021.11.22-15.36.56:418][  0]LogUObjectAllocator: 3965568 out of 0 bytes used by permanent object pool.
[2021.11.22-15.36.56:418][  0]LogUObjectArray: CloseDisregardForGC: 0/0 objects in disregard for GC pool
[2021.11.22-15.36.56:761][  0]LogTcpMessaging: Initializing TcpMessaging bridge
[2021.11.22-15.36.56:764][  0]LogUdpMessaging: Initializing bridge on interface 0.0.0.0:0 to multicast group 230.0.0.1:6666.
[2021.11.22-15.36.56:926][  0]SourceControl: 소스 컨트롤이 꺼졌습니다.
[2021.11.22-15.36.56:926][  0]SourceControl: 소스 컨트롤이 꺼졌습니다.
[2021.11.22-15.36.56:930][  0]SourceControl: 소스 컨트롤이 꺼졌습니다.
[2021.11.22-15.36.56:933][  0]SourceControl: 소스 컨트롤이 꺼졌습니다.
[2021.11.22-15.36.56:941][  0]SourceControl: 소스 컨트롤이 꺼졌습니다.
[2021.11.22-15.36.57:248][  0]LogAndroidPermission: UAndroidPermissionCallbackProxy::GetInstance
[2021.11.22-15.36.57:270][  0]LogAudioCaptureCore: Display: No Audio Capture implementations found. Audio input will be silent.
[2021.11.22-15.36.57:270][  0]LogAudioCaptureCore: Display: No Audio Capture implementations found. Audio input will be silent.
[2021.11.22-15.36.57:328][  0]LogOcInput: OculusInput pre-init called
[2021.11.22-15.36.57:340][  0]LogWindows: Failed to load 'OVRPlugin.dll' (GetLastError=126)
[2021.11.22-15.36.57:340][  0]LogWindows: File 'OVRPlugin.dll' does not exist
[2021.11.22-15.36.57:407][  0]LogEngine: Initializing Engine...
[2021.11.22-15.36.57:408][  0]LogHMD: Failed to initialize OpenVR with code 110
[2021.11.22-15.36.57:408][  0]LogMagicLeap: Warning: VR disabled because ZI is not enabled.  To enable, in the editor, Edit -> Project Settings -> Plugins -> Magic Leap Plugin -> Enable Zero Iteration
[2021.11.22-15.36.57:409][  0]LogStats: UGameplayTagsManager::InitializeManager -  0.000 s
[2021.11.22-15.36.57:533][  0]LogInit: Initializing FReadOnlyCVARCache
[2021.11.22-15.36.57:543][  0]LogAIModule: Creating AISystem for world Untitled
[2021.11.22-15.36.57:543][  0]LogAISub: UAISubsystem::UAISubsystem EnvQueryManager (000001F625A55A00), frame # 0
[2021.11.22-15.36.57:543][  0]LogAISub: UAISubsystem::UAISubsystem AIPerceptionSystem (000001F625A89BC0), frame # 0
[2021.11.22-15.36.57:566][  0]LogAudioMixer: Display: Audio Mixer Platform Settings:
[2021.11.22-15.36.57:566][  0]LogAudioMixer: Display: 	Sample Rate:						  48000
[2021.11.22-15.36.57:566][  0]LogAudioMixer: Display: 	Callback Buffer Frame Size Requested: 1024
[2021.11.22-15.36.57:566][  0]LogAudioMixer: Display: 	Callback Buffer Frame Size To Use:	  1024
[2021.11.22-15.36.57:566][  0]LogAudioMixer: Display: 	Number of buffers to queue:			  2
[2021.11.22-15.36.57:566][  0]LogAudioMixer: Display: 	Max Channels (voices):				  32
[2021.11.22-15.36.57:566][  0]LogAudioMixer: Display: 	Number of Async Source Workers:		  0
[2021.11.22-15.36.57:566][  0]LogAudio: Display: AudioDevice MaxSources: 32
[2021.11.22-15.36.57:566][  0]LogAudio: Display: Using built-in audio occlusion.
[2021.11.22-15.36.57:566][  0]LogAudioMixer: Display: Initializing audio mixer.
[2021.11.22-15.36.57:672][  0]LogAudioMixer: Display: 0: FrontLeft
[2021.11.22-15.36.57:672][  0]LogAudioMixer: Display: 1: FrontRight
[2021.11.22-15.36.57:952][  0]LogAudioMixer: Display: Using Audio Device 스피커(Realtek(R) Audio)
[2021.11.22-15.36.57:955][  0]LogAudioMixer: Display: Initializing Sound Submixes...
[2021.11.22-15.36.57:958][  0]LogAudioMixer: Display: Creating Master Submix 'MasterSubmixDefault'
[2021.11.22-15.36.57:958][  0]LogAudioMixer: Display: Creating Master Submix 'MasterReverbSubmixDefault'
[2021.11.22-15.36.57:959][  0]LogAudioMixer: Display: Creating Master Submix 'MasterEQSubmixDefault'
[2021.11.22-15.36.57:960][  0]LogInit: FAudioDevice initialized.
[2021.11.22-15.36.57:960][  0]LogNetVersion: Set ProjectVersion to 1.0.0.0. Version Checksum will be recalculated on next use.
[2021.11.22-15.36.58:017][  0]LogDerivedDataCache: Saved boot cache 0.06s 77MB C:/Users/kim75/AppData/Local/UnrealEngine/4.25/DerivedDataCache/Boot.ddc.
[2021.11.22-15.36.58:018][  0]LogInit: Texture streaming: Enabled
[2021.11.22-15.36.58:050][  0]LogEngineSessionManager: EngineSessionManager initialized
[2021.11.22-15.36.58:050][  0]LogEngineSessionManager: EngineSessionManager sent abnormal shutdown report. Type=Crashed, SessionId={1A1B0237-4545-D86D-3FE7-75ACF3A64214}
[2021.11.22-15.36.58:050][  0]LogEditorSessionSummary: Verbose: Initializing EditorSessionSummaryWriter for editor session tracking
[2021.11.22-15.36.58:053][  0]LogEditorSessionSummary: EditorSessionSummaryWriter initialized
[2021.11.22-15.36.58:152][  0]LogInit: Transaction tracking system initialized
[2021.11.22-15.36.58:204][  0]BlueprintLog: New page: 에디터 로드
[2021.11.22-15.36.58:363][  0]LocalizationService: 현지화 서비스가 비활성화되었습니다.
[2021.11.22-15.36.58:661][  0]LogCook: Display: Max memory allowance for cook 16384mb min free memory 0mb
[2021.11.22-15.36.58:661][  0]LogCook: Display: Mobile HDR setting 1
[2021.11.22-15.36.58:907][  0]LogFileCache: Scanning file cache for directory 'C:/Users/kim75/Desktop/Unreal_Portfolio/FPS_Action/Content/' took 0.01s
[2021.11.22-15.36.59:461][  0]SourceControl: 소스 컨트롤이 꺼졌습니다.
[2021.11.22-15.36.59:461][  0]LogUnrealEdMisc: Loading editor; pre map load, took 9.649
[2021.11.22-15.36.59:461][  0]Cmd: MAP LOAD FILE="../../../../../Users/kim75/Desktop/Unreal_Portfolio/FPS_Action/Content/Maps/TestMap.umap" TEMPLATE=0 SHOWPROGRESS=1 FEATURELEVEL=3
[2021.11.22-15.36.59:462][  0]LightingResults: New page: 라이팅 빌드
[2021.11.22-15.36.59:463][  0]LogWorld: UWorld::CleanupWorld for Untitled, bSessionEnded=true, bCleanupResources=true
[2021.11.22-15.36.59:463][  0]LogSlate: InvalidateAllWidgets triggered.  All widgets were invalidated
[2021.11.22-15.36.59:464][  0]MapCheck: New page: 맵 체크
[2021.11.22-15.36.59:464][  0]LightingResults: New page: 라이팅 빌드
[2021.11.22-15.36.59:481][  0]LogAISub: UAISubsystem::~UAISubsystem EnvQueryManager (000001F625A55A00), frame # 0
[2021.11.22-15.36.59:481][  0]LogAISub: UAISubsystem::~UAISubsystem AIPerceptionSystem (000001F625A89BC0), frame # 0
[2021.11.22-15.36.59:483][  0]LogUObjectHash: Compacting FUObjectHashTables data took   1.13ms
[2021.11.22-15.36.59:575][  0]LogAIModule: Creating AISystem for world TestMap
[2021.11.22-15.36.59:575][  0]LogAISub: UAISubsystem::UAISubsystem EnvQueryManager (000001F625F27E00), frame # 0
[2021.11.22-15.36.59:575][  0]LogAISub: UAISubsystem::UAISubsystem AIPerceptionSystem (000001F625FB4F40), frame # 0
[2021.11.22-15.36.59:581][  0]LogEditorServer: Finished looking for orphan Actors (0.000 secs)
[2021.11.22-15.36.59:599][  0]LogUObjectHash: Compacting FUObjectHashTables data took   1.41ms
[2021.11.22-15.36.59:599][  0]Cmd: MAP CHECKDEP NOCLEARLOG
[2021.11.22-15.36.59:599][  0]MapCheck: 맵 체크 완료: 오류 0 회, 경고 0 회, 소요 시간 0.234ms.
[2021.11.22-15.36.59:599][  0]LogFileHelpers: Loading map 'TestMap' took 0.138
[2021.11.22-15.36.59:604][  0]LogUnrealEdMisc: Total Editor Startup Time, took 9.792
[2021.11.22-15.36.59:789][  0]LogSlate: Updating window title bar state: overlay mode, drag disabled, window buttons hidden, title bar hidden
[2021.11.22-15.36.59:803][  0]LogSlate: Updating window title bar state: overlay mode, drag disabled, window buttons hidden, title bar hidden
[2021.11.22-15.36.59:815][  0]LogSlate: Updating window title bar state: overlay mode, drag disabled, window buttons hidden, title bar hidden
[2021.11.22-15.36.59:828][  0]LogSlate: Updating window title bar state: overlay mode, drag disabled, window buttons hidden, title bar hidden
[2021.11.22-15.36.59:841][  0]LogCollectionManager: Loaded 0 collections in 0.002947 seconds
[2021.11.22-15.36.59:864][  0]LogFileCache: Scanning file cache for directory 'C:/Users/kim75/Desktop/Unreal_Portfolio/FPS_Action/Saved/Collections/' took 0.00s
[2021.11.22-15.36.59:864][  0]LogFileCache: Scanning file cache for directory 'C:/Users/kim75/Desktop/Unreal_Portfolio/FPS_Action/Content/Developers/chanheess/Collections/' took 0.00s
[2021.11.22-15.36.59:864][  0]LogFileCache: Scanning file cache for directory 'C:/Users/kim75/Desktop/Unreal_Portfolio/FPS_Action/Content/Collections/' took 0.00s
[2021.11.22-15.36.59:864][  0]LogContentBrowser: Native class hierarchy populated in 0.0143 seconds. Added 3430 classes and 823 folders.
[2021.11.22-15.36.59:870][  0]LogContentBrowser: Native class hierarchy updated for 'WidgetCarousel' in 0.0005 seconds. Added 0 classes and 0 folders.
[2021.11.22-15.36.59:958][  0]LogContentBrowser: Native class hierarchy updated for 'AddContentDialog' in 0.0004 seconds. Added 0 classes and 0 folders.
[2021.11.22-15.36.59:969][  0]LogContentBrowser: Native class hierarchy updated for 'SceneOutliner' in 0.0004 seconds. Added 2 classes and 0 folders.
[2021.11.22-15.37.00:108][  0]LogSlate: Took 0.000316 seconds to synchronously load lazily loaded font '../../../Engine/Content/Slate/Fonts/Roboto-Regular.ttf' (155K)
[2021.11.22-15.37.00:112][  0]LogSlate: Took 0.002259 seconds to synchronously load lazily loaded font '../../../Engine/Content/Editor/Slate/Fonts/NanumGothic.ttf' (4243K)
[2021.11.22-15.37.00:117][  0]LogSlate: Took 0.001984 seconds to synchronously load lazily loaded font '../../../Engine/Content/Editor/Slate/Fonts/NanumGothicBold.ttf' (4188K)
[2021.11.22-15.37.00:117][  0]LogSlate: Took 0.000133 seconds to synchronously load lazily loaded font '../../../Engine/Content/Slate/Fonts/Roboto-Bold.ttf' (160K)
[2021.11.22-15.37.00:119][  0]LogSlate: Took 0.000126 seconds to synchronously load lazily loaded font '../../../Engine/Content/Editor/Slate/Fonts/FontAwesome.ttf' (139K)
[2021.11.22-15.37.00:201][  0]LogRenderer: Reallocating scene render targets to support 1528x528 Format 10 NumSamples 1 (Frame:1).
[2021.11.22-15.37.00:282][  0]LogSlate: Took 0.000193 seconds to synchronously load lazily loaded font '../../../Engine/Content/Slate/Fonts/Roboto-Light.ttf' (167K)
[2021.11.22-15.37.00:361][  0]LogContentBrowser: Native class hierarchy updated for 'HierarchicalLODOutliner' in 0.0008 seconds. Added 0 classes and 0 folders.
[2021.11.22-15.37.00:362][  0]LogLoad: (Engine Initialization) Total time: 10.55 seconds
[2021.11.22-15.37.00:362][  0]LogLoad: (Engine Initialization) Total Blueprint compile time: 0.00 seconds
[2021.11.22-15.37.00:467][  0]LogContentStreaming: Texture pool size now 1000 MB
[2021.11.22-15.37.00:539][  1]LogAssetRegistry: Asset discovery search completed in 5.3886 seconds
[2021.11.22-15.37.00:552][  1]LogCollectionManager: Fixed up redirectors for 0 collections in 0.000005 seconds (updated 0 objects)
[2021.11.22-15.37.52:690][451]LogSlate: Took 0.000145 seconds to synchronously load lazily loaded font '../../../Engine/Content/Slate/Fonts/Roboto-Light.ttf' (167K)
[2021.11.22-15.37.52:754][451]LogAssetEditorSubsystem: Opening Asset editor for AnimBlueprint /Game/Player/ABP_Player.ABP_Player
[2021.11.22-15.37.52:804][451]LogContentBrowser: Native class hierarchy updated for 'SkeletonEditor' in 0.0005 seconds. Added 1 classes and 2 folders.
[2021.11.22-15.37.53:066][451]LogActorComponent: RegisterComponentWithWorld: (/Engine/Transient.World_4:PersistentLevel.AnimationEditorPreviewActor_0.DebugSkelMeshComponent_0) Already registered. Aborting.
[2021.11.22-15.37.53:073][451]LogContentBrowser: Native class hierarchy updated for 'PinnedCommandList' in 0.0004 seconds. Added 1 classes and 0 folders.
[2021.11.22-15.37.53:779][451]LogContentBrowser: Native class hierarchy updated for 'BlueprintGraph' in 0.0007 seconds. Added 125 classes and 0 folders.
[2021.11.22-15.37.54:878][451]LogSkeletalMesh: USkeletalMeshComponent::InitArticulated : Bodies already created (/Engine/Transient.World_4:PersistentLevel.AnimationEditorPreviewActor_0.DebugSkelMeshComponent_0) - call TermArticulated first.
[2021.11.22-15.37.55:300][451]LogSlate: Took 0.000257 seconds to synchronously load lazily loaded font '../../../Engine/Content/Slate/Fonts/Roboto-BoldCondensed.ttf' (158K)
[2021.11.22-15.37.58:164][490]LogContentBrowser: Verbose: The majority of assets in the view are of type: AnimSequence
[2021.11.22-15.38.02:384][545]LogSlate: Took 0.000221 seconds to synchronously load lazily loaded font '../../../Engine/Content/Slate/Fonts/Roboto-Italic.ttf' (157K)
[2021.11.22-15.38.07:109][608]LogSlate: Window 'ABP_Player' being destroyed
[2021.11.22-15.40.25:540][328]LogSlate: WidgetSwitcher ('None') active index changed to -1
[2021.11.22-15.40.25:540][328]LogSlate: WidgetSwitcher ('None') active index changed to 1
[2021.11.22-15.40.30:543][623]LogAssetEditorSubsystem: Opening Asset editor for Blueprint /Game/Player/MyCAnimInstance.MyCAnimInstance
[2021.11.22-15.40.30:847][623]LogSlate: Window '블루프린트 클래스 추가' being destroyed
[2021.11.22-15.40.36:344][944]BlueprintLog: New page: MyCAnimInstance 컴파일
[2021.11.22-15.40.36:372][944]LogUObjectHash: Compacting FUObjectHashTables data took   2.49ms
[2021.11.22-15.40.36:671][961]Cmd: OBJ SAVEPACKAGE PACKAGE="/Game/Player/MyCAnimInstance" FILE="../../../../../Users/kim75/Desktop/Unreal_Portfolio/FPS_Action/Content/Player/MyCAnimInstance.uasset" SILENT=true
[2021.11.22-15.40.36:675][961]LogSavePackage: Moving '../../../../../Users/kim75/Desktop/Unreal_Portfolio/FPS_Action/Saved/MyCAnimInstance6006802349F1DEDB4749B68EEEA8717C.tmp' to '../../../../../Users/kim75/Desktop/Unreal_Portfolio/FPS_Action/Content/Player/MyCAnimInstance.uasset'
[2021.11.22-15.40.36:695][961]AssetCheck: New page: 애셋 저장: MyCAnimInstance
[2021.11.22-15.40.36:695][961]LogContentValidation: Display: Blueprint /Game/Player/MyCAnimInstance.MyCAnimInstance 유효성 검사
[2021.11.22-15.40.46:260][536]LogUObjectHash: Compacting FUObjectHashTables data took   2.15ms
[2021.11.22-15.40.49:189][536]LogSlate: Window 'Delete Assets' being destroyed
[2021.11.22-15.40.49:658][536]LogWorld: UWorld::CleanupWorld for World_9, bSessionEnded=true, bCleanupResources=true
[2021.11.22-15.40.49:658][536]LogSlate: InvalidateAllWidgets triggered.  All widgets were invalidated
[2021.11.22-15.40.49:693][536]LogUObjectGlobals: Force Deleting 1 Package(s):
	Asset Name: /Game/Player/MyCAnimInstance.MyCAnimInstance
[2021.11.22-15.40.50:354][536]LogUObjectHash: Compacting FUObjectHashTables data took   1.60ms
[2021.11.22-15.40.50:375][536]LogUObjectHash: Compacting FUObjectHashTables data took   1.38ms
[2021.11.22-15.40.50:393][536]LogUObjectHash: Compacting FUObjectHashTables data took   0.36ms
[2021.11.22-15.41.29:651][884]LogActorComponent: RegisterComponentWithWorld: (/Engine/Transient.World_4:PersistentLevel.AnimationEditorPreviewActor_0.DebugSkelMeshComponent_0) Already registered. Aborting.
[2021.11.22-15.41.31:301][985]LogActorComponent: RegisterComponentWithWorld: (/Engine/Transient.World_4:PersistentLevel.AnimationEditorPreviewActor_0.DebugSkelMeshComponent_0) Already registered. Aborting.
[2021.11.22-15.41.47:652][958]Cmd: OBJ SAVEPACKAGE PACKAGE="/Game/Player/ABP_Player" FILE="../../../../../Users/kim75/Desktop/Unreal_Portfolio/FPS_Action/Content/Player/ABP_Player.uasset" SILENT=true
[2021.11.22-15.41.47:670][958]LogSavePackage: Moving '../../../../../Users/kim75/Desktop/Unreal_Portfolio/FPS_Action/Saved/ABP_Player9637CF7A40C059A435D3878922FB0562.tmp' to '../../../../../Users/kim75/Desktop/Unreal_Portfolio/FPS_Action/Content/Player/ABP_Player.uasset'
[2021.11.22-15.41.47:684][958]AssetCheck: New page: 애셋 저장: ABP_Player
[2021.11.22-15.41.47:684][958]LogContentValidation: Display: AnimBlueprint /Game/Player/ABP_Player.ABP_Player 유효성 검사
[2021.11.22-15.45.06:235][610]LogHotReload: New module detected: UE4Editor-FPS_Action-0001.dll
[2021.11.22-15.45.06:928][613]LogHotReload: Starting Hot-Reload from IDE
[2021.11.22-15.45.07:001][613]LogUObjectGlobals: Warning: AnimBlueprintGeneratedClass /Game/Player/ABP_Player.ABP_Player_C 클래스는 Class /Script/FPS_Action.CAnimInstance 의 자손 클래스가 아닙니다.
[2021.11.22-15.45.07:001][613]Error: CDO Constructor (CPlayer): Failed to find /Game/Player/ABP_Player.ABP_Player_C

[2021.11.22-15.45.07:001][613]LogOutputDevice: Warning: 

Script Stack (0 frames):

[2021.11.22-15.45.07:001][613]LogWindows: Windows GetLastError: 작업을 완료했습니다. (0)
[2021.11.22-15.45.09:474][613]LogWindows: Error: === Critical error: ===
[2021.11.22-15.45.09:474][613]LogWindows: Error: 
[2021.11.22-15.45.09:474][613]LogWindows: Error: Assertion failed: asset.Succeeded() [File:C:\Users\kim75\Desktop\Unreal_Portfolio\FPS_Action\Source\FPS_Action\Utilities/CHelpers.h] [Line: 34] 
[2021.11.22-15.45.09:474][613]LogWindows: Error: asset.Succeeded()
[2021.11.22-15.45.09:474][613]LogWindows: Error: 
[2021.11.22-15.45.09:474][613]LogWindows: Error: 
[2021.11.22-15.45.09:474][613]LogWindows: Error: [Callstack] 0x00007ffdf7a74f69 KERNELBASE.dll!UnknownFunction []
[2021.11.22-15.45.09:474][613]LogWindows: Error: [Callstack] 0x00007ffd807aec66 UE4Editor-Core.dll!UnknownFunction []
[2021.11.22-15.45.09:475][613]LogWindows: Error: [Callstack] 0x00007ffd807b2048 UE4Editor-Core.dll!UnknownFunction []
[2021.11.22-15.45.09:475][613]LogWindows: Error: [Callstack] 0x00007ffd8053e52d UE4Editor-Core.dll!UnknownFunction []
[2021.11.22-15.45.09:475][613]LogWindows: Error: [Callstack] 0x00007ffd804c97c5 UE4Editor-Core.dll!UnknownFunction []
[2021.11.22-15.45.09:475][613]LogWindows: Error: [Callstack] 0x00007ffd804cbb00 UE4Editor-Core.dll!UnknownFunction []
[2021.11.22-15.45.09:475][613]LogWindows: Error: [Callstack] 0x00007ffde8203ede UE4Editor-FPS_Action-0001.dll!CHelpers::GetClass<UCAnimInstance>() [C:\Users\kim75\Desktop\Unreal_Portfolio\FPS_Action\Source\FPS_Action\Utilities\CHelpers.h:34]
[2021.11.22-15.45.09:475][613]LogWindows: Error: [Callstack] 0x00007ffde82042aa UE4Editor-FPS_Action-0001.dll!ACPlayer::ACPlayer() [C:\Users\kim75\Desktop\Unreal_Portfolio\FPS_Action\Source\FPS_Action\CPlayer.cpp:33]
[2021.11.22-15.45.09:475][613]LogWindows: Error: [Callstack] 0x00007ffd6a3944be UE4Editor-HotReload.dll!UnknownFunction []
[2021.11.22-15.45.09:475][613]LogWindows: Error: [Callstack] 0x00007ffd6a383d4e UE4Editor-HotReload.dll!UnknownFunction []
[2021.11.22-15.45.09:475][613]LogWindows: Error: [Callstack] 0x00007ffd6a38a995 UE4Editor-HotReload.dll!UnknownFunction []
[2021.11.22-15.45.09:475][613]LogWindows: Error: [Callstack] 0x00007ffd6a396b33 UE4Editor-HotReload.dll!UnknownFunction []
[2021.11.22-15.45.09:475][613]LogWindows: Error: [Callstack] 0x00007ffd6a396e01 UE4Editor-HotReload.dll!UnknownFunction []
[2021.11.22-15.45.09:475][613]LogWindows: Error: [Callstack] 0x00007ffd6a38f836 UE4Editor-HotReload.dll!UnknownFunction []
[2021.11.22-15.45.09:475][613]LogWindows: Error: [Callstack] 0x00007ffd7cbaed1d UE4Editor-CoreUObject.dll!UnknownFunction []
[2021.11.22-15.45.09:475][613]LogWindows: Error: [Callstack] 0x00007ffd7cf36839 UE4Editor-CoreUObject.dll!UnknownFunction []
[2021.11.22-15.45.09:475][613]LogWindows: Error: [Callstack] 0x00007ffd7cf15bc6 UE4Editor-CoreUObject.dll!UnknownFunction []
[2021.11.22-15.45.09:475][613]LogWindows: Error: [Callstack] 0x00007ffd7ce34465 UE4Editor-CoreUObject.dll!UnknownFunction []
[2021.11.22-15.45.09:475][613]LogWindows: Error: [Callstack] 0x00007ffd8057986a UE4Editor-Core.dll!UnknownFunction []
[2021.11.22-15.45.09:475][613]LogWindows: Error: [Callstack] 0x00007ffd805999f0 UE4Editor-Core.dll!UnknownFunction []
[2021.11.22-15.45.09:475][613]LogWindows: Error: [Callstack] 0x00007ffd80598b08 UE4Editor-Core.dll!UnknownFunction []
[2021.11.22-15.45.09:475][613]LogWindows: Error: [Callstack] 0x00007ffd6a38b9b2 UE4Editor-HotReload.dll!UnknownFunction []
[2021.11.22-15.45.09:475][613]LogWindows: Error: [Callstack] 0x00007ffd6a38b708 UE4Editor-HotReload.dll!UnknownFunction []
[2021.11.22-15.45.09:475][613]LogWindows: Error: [Callstack] 0x00007ffd6a39c3e1 UE4Editor-HotReload.dll!UnknownFunction []
[2021.11.22-15.45.09:475][613]LogWindows: Error: [Callstack] 0x00007ffd802fd0a9 UE4Editor-Core.dll!UnknownFunction []
[2021.11.22-15.45.09:475][613]LogWindows: Error: [Callstack] 0x00007ff62f34a213 UE4Editor.exe!UnknownFunction []
[2021.11.22-15.45.09:475][613]LogWindows: Error: [Callstack] 0x00007ff62f35ba7c UE4Editor.exe!UnknownFunction []
[2021.11.22-15.45.09:475][613]LogWindows: Error: [Callstack] 0x00007ff62f35bb5a UE4Editor.exe!UnknownFunction []
[2021.11.22-15.45.09:475][613]LogWindows: Error: [Callstack] 0x00007ff62f36e31d UE4Editor.exe!UnknownFunction []
[2021.11.22-15.45.09:475][613]LogWindows: Error: [Callstack] 0x00007ff62f37145a UE4Editor.exe!UnknownFunction []
[2021.11.22-15.45.09:475][613]LogWindows: Error: [Callstack] 0x00007ffdf86e7034 KERNEL32.DLL!UnknownFunction []
[2021.11.22-15.45.09:475][613]LogWindows: Error: [Callstack] 0x00007ffdf9ea2651 ntdll.dll!UnknownFunction []
[2021.11.22-15.45.09:475][613]LogWindows: Error: 
[2021.11.22-15.45.09:483][613]LogExit: Executing StaticShutdownAfterError
[2021.11.22-15.45.09:487][613]LogWindows: FPlatformMisc::RequestExit(1)
[2021.11.22-15.45.09:487][613]LogCore: Engine exit requested (reason: Win RequestExit)
[2021.11.22-15.45.09:499][613]Log file closed, 11/23/21 00:45:09
